{"E:\\e partition\\facultate\\an3\\sem2\\node\\proiect\\veterinary-social-network\\src\\middlewares\\uploadMiddleware.js": {"path":"E:\\e partition\\facultate\\an3\\sem2\\node\\proiect\\veterinary-social-network\\src\\middlewares\\uploadMiddleware.js","statementMap":{"0":{"start":{"line":1,"column":15},"end":{"line":1,"column":32}},"1":{"start":{"line":2,"column":30},"end":{"line":2,"column":66}},"2":{"start":{"line":3,"column":19},"end":{"line":3,"column":58}},"3":{"start":{"line":4,"column":13},"end":{"line":4,"column":28}},"4":{"start":{"line":8,"column":20},"end":{"line":21,"column":6}},"5":{"start":{"line":11,"column":31},"end":{"line":11,"column":53}},"6":{"start":{"line":12,"column":34},"end":{"line":12,"column":78}},"7":{"start":{"line":13,"column":29},"end":{"line":13,"column":62}},"8":{"start":{"line":15,"column":12},"end":{"line":19,"column":14}},"9":{"start":{"line":23,"column":4},"end":{"line":34,"column":7}},"10":{"start":{"line":29,"column":12},"end":{"line":31,"column":13}},"11":{"start":{"line":30,"column":16},"end":{"line":30,"column":72}},"12":{"start":{"line":32,"column":12},"end":{"line":32,"column":31}},"13":{"start":{"line":37,"column":0},"end":{"line":37,"column":34}}},"fnMap":{"0":{"name":"uploadMiddleware","decl":{"start":{"line":7,"column":9},"end":{"line":7,"column":25}},"loc":{"start":{"line":7,"column":38},"end":{"line":35,"column":1}},"line":7},"1":{"name":"(anonymous_1)","decl":{"start":{"line":10,"column":16},"end":{"line":10,"column":17}},"loc":{"start":{"line":10,"column":31},"end":{"line":20,"column":9}},"line":10},"2":{"name":"(anonymous_2)","decl":{"start":{"line":28,"column":8},"end":{"line":28,"column":9}},"loc":{"start":{"line":28,"column":34},"end":{"line":33,"column":9}},"line":28}},"branchMap":{"0":{"loc":{"start":{"line":29,"column":12},"end":{"line":31,"column":13}},"type":"if","locations":[{"start":{"line":29,"column":12},"end":{"line":31,"column":13}},{"start":{},"end":{}}],"line":29}},"s":{"0":1,"1":1,"2":1,"3":1,"4":1,"5":0,"6":0,"7":0,"8":0,"9":1,"10":0,"11":0,"12":0,"13":1},"f":{"0":1,"1":0,"2":0},"b":{"0":[0,0]},"_coverageSchema":"1a1c01bbd47fc00a2c39e90264f33305004495a9","hash":"a44ea0fe8031cda0449aef273fd4e3943408895a"}
,"E:\\e partition\\facultate\\an3\\sem2\\node\\proiect\\veterinary-social-network\\src\\routes\\cloudinaryConfig.js": {"path":"E:\\e partition\\facultate\\an3\\sem2\\node\\proiect\\veterinary-social-network\\src\\routes\\cloudinaryConfig.js","statementMap":{"0":{"start":{"line":1,"column":19},"end":{"line":1,"column":43}},"1":{"start":{"line":4,"column":0},"end":{"line":9,"column":3}},"2":{"start":{"line":10,"column":0},"end":{"line":10,"column":27}}},"fnMap":{},"branchMap":{},"s":{"0":1,"1":1,"2":1},"f":{},"b":{},"_coverageSchema":"1a1c01bbd47fc00a2c39e90264f33305004495a9","hash":"7c1f8d451b7ddb52973fc43095365565c038c040"}
,"E:\\e partition\\facultate\\an3\\sem2\\node\\proiect\\veterinary-social-network\\src\\routes\\index.js": {"path":"E:\\e partition\\facultate\\an3\\sem2\\node\\proiect\\veterinary-social-network\\src\\routes\\index.js","statementMap":{"0":{"start":{"line":1,"column":16},"end":{"line":1,"column":34}},"1":{"start":{"line":2,"column":15},"end":{"line":2,"column":32}},"2":{"start":{"line":3,"column":19},"end":{"line":3,"column":41}},"3":{"start":{"line":4,"column":16},"end":{"line":4,"column":42}},"4":{"start":{"line":5,"column":23},"end":{"line":5,"column":49}},"5":{"start":{"line":6,"column":21},"end":{"line":6,"column":43}},"6":{"start":{"line":7,"column":37},"end":{"line":7,"column":56}},"7":{"start":{"line":8,"column":17},"end":{"line":8,"column":35}},"8":{"start":{"line":9,"column":25},"end":{"line":9,"column":69}},"9":{"start":{"line":11,"column":12},"end":{"line":11,"column":28}},"10":{"start":{"line":15,"column":0},"end":{"line":15,"column":27}},"11":{"start":{"line":16,"column":0},"end":{"line":16,"column":49}},"12":{"start":{"line":19,"column":0},"end":{"line":23,"column":4}},"13":{"start":{"line":26,"column":0},"end":{"line":26,"column":31}},"14":{"start":{"line":27,"column":0},"end":{"line":27,"column":28}},"15":{"start":{"line":29,"column":15},"end":{"line":29,"column":41}},"16":{"start":{"line":33,"column":17},"end":{"line":33,"column":41}},"17":{"start":{"line":34,"column":4},"end":{"line":34,"column":45}},"18":{"start":{"line":38,"column":4},"end":{"line":38,"column":43}},"19":{"start":{"line":43,"column":18},"end":{"line":43,"column":35}},"20":{"start":{"line":45,"column":4},"end":{"line":47,"column":5}},"21":{"start":{"line":46,"column":8},"end":{"line":46,"column":82}},"22":{"start":{"line":48,"column":4},"end":{"line":54,"column":5}},"23":{"start":{"line":49,"column":24},"end":{"line":49,"column":42}},"24":{"start":{"line":50,"column":8},"end":{"line":50,"column":44}},"25":{"start":{"line":51,"column":8},"end":{"line":51,"column":15}},"26":{"start":{"line":53,"column":8},"end":{"line":53,"column":82}},"27":{"start":{"line":59,"column":4},"end":{"line":63,"column":5}},"28":{"start":{"line":60,"column":8},"end":{"line":60,"column":15}},"29":{"start":{"line":62,"column":8},"end":{"line":62,"column":77}},"30":{"start":{"line":69,"column":0},"end":{"line":70,"column":68}},"31":{"start":{"line":72,"column":0},"end":{"line":81,"column":7}},"32":{"start":{"line":75,"column":8},"end":{"line":75,"column":55}},"33":{"start":{"line":76,"column":8},"end":{"line":76,"column":41}},"34":{"start":{"line":77,"column":8},"end":{"line":77,"column":41}},"35":{"start":{"line":79,"column":8},"end":{"line":79,"column":72}},"36":{"start":{"line":80,"column":8},"end":{"line":80,"column":26}},"37":{"start":{"line":84,"column":0},"end":{"line":97,"column":3}},"38":{"start":{"line":85,"column":4},"end":{"line":90,"column":5}},"39":{"start":{"line":86,"column":21},"end":{"line":86,"column":37}},"40":{"start":{"line":88,"column":8},"end":{"line":88,"column":31}},"41":{"start":{"line":89,"column":8},"end":{"line":89,"column":21}},"42":{"start":{"line":91,"column":4},"end":{"line":96,"column":5}},"43":{"start":{"line":92,"column":21},"end":{"line":92,"column":40}},"44":{"start":{"line":94,"column":8},"end":{"line":94,"column":34}},"45":{"start":{"line":95,"column":8},"end":{"line":95,"column":21}},"46":{"start":{"line":99,"column":0},"end":{"line":101,"column":3}},"47":{"start":{"line":100,"column":4},"end":{"line":100,"column":68}},"48":{"start":{"line":103,"column":0},"end":{"line":118,"column":3}},"49":{"start":{"line":104,"column":36},"end":{"line":104,"column":44}},"50":{"start":{"line":106,"column":4},"end":{"line":116,"column":5}},"51":{"start":{"line":107,"column":31},"end":{"line":107,"column":59}},"52":{"start":{"line":108,"column":8},"end":{"line":110,"column":11}},"53":{"start":{"line":111,"column":8},"end":{"line":111,"column":50}},"54":{"start":{"line":112,"column":8},"end":{"line":112,"column":31}},"55":{"start":{"line":114,"column":8},"end":{"line":114,"column":44}},"56":{"start":{"line":115,"column":8},"end":{"line":115,"column":32}},"57":{"start":{"line":121,"column":0},"end":{"line":123,"column":3}},"58":{"start":{"line":122,"column":4},"end":{"line":122,"column":67}},"59":{"start":{"line":126,"column":0},"end":{"line":150,"column":3}},"60":{"start":{"line":127,"column":30},"end":{"line":127,"column":38}},"61":{"start":{"line":128,"column":4},"end":{"line":149,"column":5}},"62":{"start":{"line":129,"column":21},"end":{"line":129,"column":73}},"63":{"start":{"line":130,"column":8},"end":{"line":134,"column":9}},"64":{"start":{"line":131,"column":12},"end":{"line":131,"column":54}},"65":{"start":{"line":132,"column":12},"end":{"line":132,"column":42}},"66":{"start":{"line":135,"column":30},"end":{"line":135,"column":75}},"67":{"start":{"line":136,"column":8},"end":{"line":140,"column":9}},"68":{"start":{"line":137,"column":12},"end":{"line":137,"column":54}},"69":{"start":{"line":138,"column":12},"end":{"line":138,"column":42}},"70":{"start":{"line":141,"column":8},"end":{"line":141,"column":41}},"71":{"start":{"line":142,"column":8},"end":{"line":142,"column":37}},"72":{"start":{"line":143,"column":8},"end":{"line":143,"column":50}},"73":{"start":{"line":144,"column":8},"end":{"line":144,"column":37}},"74":{"start":{"line":145,"column":8},"end":{"line":145,"column":26}},"75":{"start":{"line":147,"column":8},"end":{"line":147,"column":50}},"76":{"start":{"line":148,"column":8},"end":{"line":148,"column":31}},"77":{"start":{"line":152,"column":0},"end":{"line":161,"column":3}},"78":{"start":{"line":154,"column":4},"end":{"line":160,"column":7}},"79":{"start":{"line":155,"column":8},"end":{"line":158,"column":9}},"80":{"start":{"line":156,"column":12},"end":{"line":156,"column":60}},"81":{"start":{"line":157,"column":12},"end":{"line":157,"column":72}},"82":{"start":{"line":159,"column":8},"end":{"line":159,"column":31}},"83":{"start":{"line":163,"column":0},"end":{"line":204,"column":3}},"84":{"start":{"line":164,"column":4},"end":{"line":203,"column":5}},"85":{"start":{"line":165,"column":53},"end":{"line":165,"column":62}},"86":{"start":{"line":166,"column":24},"end":{"line":166,"column":25}},"87":{"start":{"line":167,"column":23},"end":{"line":167,"column":43}},"88":{"start":{"line":168,"column":27},"end":{"line":174,"column":10}},"89":{"start":{"line":175,"column":27},"end":{"line":175,"column":58}},"90":{"start":{"line":176,"column":20},"end":{"line":188,"column":10}},"91":{"start":{"line":190,"column":8},"end":{"line":199,"column":11}},"92":{"start":{"line":201,"column":8},"end":{"line":201,"column":29}},"93":{"start":{"line":202,"column":8},"end":{"line":202,"column":65}},"94":{"start":{"line":208,"column":0},"end":{"line":216,"column":3}},"95":{"start":{"line":209,"column":4},"end":{"line":215,"column":5}},"96":{"start":{"line":210,"column":22},"end":{"line":210,"column":56}},"97":{"start":{"line":211,"column":8},"end":{"line":211,"column":54}},"98":{"start":{"line":213,"column":8},"end":{"line":213,"column":29}},"99":{"start":{"line":214,"column":8},"end":{"line":214,"column":65}},"100":{"start":{"line":219,"column":0},"end":{"line":237,"column":3}},"101":{"start":{"line":220,"column":17},"end":{"line":220,"column":27}},"102":{"start":{"line":221,"column":4},"end":{"line":236,"column":5}},"103":{"start":{"line":222,"column":8},"end":{"line":233,"column":9}},"104":{"start":{"line":223,"column":25},"end":{"line":223,"column":88}},"105":{"start":{"line":224,"column":12},"end":{"line":226,"column":13}},"106":{"start":{"line":225,"column":16},"end":{"line":225,"column":74}},"107":{"start":{"line":228,"column":12},"end":{"line":228,"column":55}},"108":{"start":{"line":231,"column":12},"end":{"line":231,"column":33}},"109":{"start":{"line":232,"column":12},"end":{"line":232,"column":68}},"110":{"start":{"line":235,"column":8},"end":{"line":235,"column":70}},"111":{"start":{"line":238,"column":0},"end":{"line":254,"column":3}},"112":{"start":{"line":239,"column":17},"end":{"line":239,"column":27}},"113":{"start":{"line":240,"column":4},"end":{"line":253,"column":5}},"114":{"start":{"line":241,"column":8},"end":{"line":250,"column":9}},"115":{"start":{"line":242,"column":25},"end":{"line":242,"column":88}},"116":{"start":{"line":243,"column":12},"end":{"line":245,"column":13}},"117":{"start":{"line":244,"column":16},"end":{"line":244,"column":74}},"118":{"start":{"line":246,"column":12},"end":{"line":246,"column":62}},"119":{"start":{"line":248,"column":12},"end":{"line":248,"column":33}},"120":{"start":{"line":249,"column":12},"end":{"line":249,"column":68}},"121":{"start":{"line":252,"column":8},"end":{"line":252,"column":70}},"122":{"start":{"line":256,"column":0},"end":{"line":277,"column":3}},"123":{"start":{"line":257,"column":17},"end":{"line":257,"column":27}},"124":{"start":{"line":258,"column":31},"end":{"line":258,"column":39}},"125":{"start":{"line":259,"column":4},"end":{"line":276,"column":5}},"126":{"start":{"line":260,"column":8},"end":{"line":273,"column":9}},"127":{"start":{"line":261,"column":25},"end":{"line":264,"column":14}},"128":{"start":{"line":265,"column":12},"end":{"line":267,"column":13}},"129":{"start":{"line":266,"column":16},"end":{"line":266,"column":74}},"130":{"start":{"line":269,"column":12},"end":{"line":269,"column":39}},"131":{"start":{"line":271,"column":12},"end":{"line":271,"column":33}},"132":{"start":{"line":272,"column":12},"end":{"line":272,"column":68}},"133":{"start":{"line":275,"column":8},"end":{"line":275,"column":70}},"134":{"start":{"line":280,"column":0},"end":{"line":297,"column":3}},"135":{"start":{"line":281,"column":17},"end":{"line":281,"column":27}},"136":{"start":{"line":282,"column":4},"end":{"line":296,"column":5}},"137":{"start":{"line":283,"column":8},"end":{"line":293,"column":9}},"138":{"start":{"line":284,"column":25},"end":{"line":284,"column":84}},"139":{"start":{"line":285,"column":12},"end":{"line":287,"column":13}},"140":{"start":{"line":286,"column":16},"end":{"line":286,"column":74}},"141":{"start":{"line":288,"column":12},"end":{"line":288,"column":54}},"142":{"start":{"line":289,"column":12},"end":{"line":289,"column":35}},"143":{"start":{"line":291,"column":12},"end":{"line":291,"column":33}},"144":{"start":{"line":292,"column":12},"end":{"line":292,"column":68}},"145":{"start":{"line":295,"column":8},"end":{"line":295,"column":70}},"146":{"start":{"line":302,"column":0},"end":{"line":304,"column":3}},"147":{"start":{"line":303,"column":4},"end":{"line":303,"column":33}},"148":{"start":{"line":305,"column":0},"end":{"line":344,"column":3}},"149":{"start":{"line":306,"column":4},"end":{"line":343,"column":5}},"150":{"start":{"line":308,"column":45},"end":{"line":308,"column":53}},"151":{"start":{"line":310,"column":24},"end":{"line":310,"column":28}},"152":{"start":{"line":311,"column":8},"end":{"line":315,"column":9}},"153":{"start":{"line":312,"column":12},"end":{"line":314,"column":13}},"154":{"start":{"line":313,"column":16},"end":{"line":313,"column":43}},"155":{"start":{"line":317,"column":25},"end":{"line":317,"column":110}},"156":{"start":{"line":317,"column":52},"end":{"line":317,"column":62}},"157":{"start":{"line":317,"column":78},"end":{"line":317,"column":109}},"158":{"start":{"line":319,"column":27},"end":{"line":325,"column":11}},"159":{"start":{"line":320,"column":12},"end":{"line":324,"column":15}},"160":{"start":{"line":327,"column":8},"end":{"line":337,"column":11}},"161":{"start":{"line":332,"column":55},"end":{"line":332,"column":67}},"162":{"start":{"line":338,"column":8},"end":{"line":338,"column":26}},"163":{"start":{"line":340,"column":8},"end":{"line":340,"column":29}},"164":{"start":{"line":342,"column":8},"end":{"line":342,"column":29}},"165":{"start":{"line":348,"column":0},"end":{"line":369,"column":3}},"166":{"start":{"line":349,"column":17},"end":{"line":349,"column":27}},"167":{"start":{"line":351,"column":4},"end":{"line":367,"column":5}},"168":{"start":{"line":352,"column":21},"end":{"line":355,"column":10}},"169":{"start":{"line":356,"column":8},"end":{"line":358,"column":9}},"170":{"start":{"line":357,"column":12},"end":{"line":357,"column":70}},"171":{"start":{"line":359,"column":8},"end":{"line":361,"column":9}},"172":{"start":{"line":360,"column":12},"end":{"line":360,"column":87}},"173":{"start":{"line":362,"column":8},"end":{"line":362,"column":36}},"174":{"start":{"line":363,"column":8},"end":{"line":363,"column":63}},"175":{"start":{"line":365,"column":8},"end":{"line":365,"column":29}},"176":{"start":{"line":366,"column":8},"end":{"line":366,"column":64}},"177":{"start":{"line":372,"column":0},"end":{"line":420,"column":3}},"178":{"start":{"line":373,"column":17},"end":{"line":373,"column":27}},"179":{"start":{"line":374,"column":41},"end":{"line":374,"column":49}},"180":{"start":{"line":376,"column":4},"end":{"line":418,"column":5}},"181":{"start":{"line":377,"column":21},"end":{"line":377,"column":84}},"182":{"start":{"line":378,"column":8},"end":{"line":380,"column":9}},"183":{"start":{"line":379,"column":12},"end":{"line":379,"column":70}},"184":{"start":{"line":381,"column":8},"end":{"line":383,"column":9}},"185":{"start":{"line":382,"column":12},"end":{"line":382,"column":87}},"186":{"start":{"line":384,"column":24},"end":{"line":384,"column":28}},"187":{"start":{"line":385,"column":8},"end":{"line":389,"column":9}},"188":{"start":{"line":386,"column":12},"end":{"line":388,"column":13}},"189":{"start":{"line":387,"column":16},"end":{"line":387,"column":42}},"190":{"start":{"line":391,"column":25},"end":{"line":391,"column":110}},"191":{"start":{"line":391,"column":52},"end":{"line":391,"column":62}},"192":{"start":{"line":391,"column":78},"end":{"line":391,"column":109}},"193":{"start":{"line":393,"column":27},"end":{"line":399,"column":11}},"194":{"start":{"line":394,"column":12},"end":{"line":398,"column":15}},"195":{"start":{"line":400,"column":8},"end":{"line":410,"column":11}},"196":{"start":{"line":405,"column":55},"end":{"line":405,"column":67}},"197":{"start":{"line":412,"column":8},"end":{"line":412,"column":50}},"198":{"start":{"line":413,"column":8},"end":{"line":413,"column":25}},"199":{"start":{"line":416,"column":8},"end":{"line":416,"column":29}},"200":{"start":{"line":417,"column":8},"end":{"line":417,"column":64}},"201":{"start":{"line":423,"column":0},"end":{"line":458,"column":2}},"202":{"start":{"line":424,"column":17},"end":{"line":424,"column":27}},"203":{"start":{"line":425,"column":4},"end":{"line":456,"column":5}},"204":{"start":{"line":426,"column":21},"end":{"line":426,"column":120}},"205":{"start":{"line":427,"column":8},"end":{"line":429,"column":9}},"206":{"start":{"line":428,"column":12},"end":{"line":428,"column":70}},"207":{"start":{"line":430,"column":8},"end":{"line":432,"column":9}},"208":{"start":{"line":431,"column":12},"end":{"line":431,"column":87}},"209":{"start":{"line":434,"column":8},"end":{"line":438,"column":9}},"210":{"start":{"line":435,"column":12},"end":{"line":437,"column":16}},"211":{"start":{"line":436,"column":16},"end":{"line":436,"column":77}},"212":{"start":{"line":440,"column":8},"end":{"line":447,"column":9}},"213":{"start":{"line":441,"column":12},"end":{"line":446,"column":16}},"214":{"start":{"line":442,"column":16},"end":{"line":445,"column":19}},"215":{"start":{"line":449,"column":8},"end":{"line":449,"column":68}},"216":{"start":{"line":452,"column":8},"end":{"line":452,"column":25}},"217":{"start":{"line":454,"column":8},"end":{"line":454,"column":29}},"218":{"start":{"line":455,"column":8},"end":{"line":455,"column":64}},"219":{"start":{"line":462,"column":0},"end":{"line":470,"column":3}},"220":{"start":{"line":463,"column":21},"end":{"line":463,"column":31}},"221":{"start":{"line":464,"column":4},"end":{"line":469,"column":5}},"222":{"start":{"line":465,"column":8},"end":{"line":465,"column":58}},"223":{"start":{"line":467,"column":8},"end":{"line":467,"column":29}},"224":{"start":{"line":468,"column":8},"end":{"line":468,"column":81}},"225":{"start":{"line":472,"column":0},"end":{"line":495,"column":2}},"226":{"start":{"line":473,"column":32},"end":{"line":473,"column":42}},"227":{"start":{"line":475,"column":4},"end":{"line":493,"column":5}},"228":{"start":{"line":476,"column":24},"end":{"line":480,"column":10}},"229":{"start":{"line":481,"column":8},"end":{"line":483,"column":9}},"230":{"start":{"line":482,"column":12},"end":{"line":482,"column":72}},"231":{"start":{"line":484,"column":8},"end":{"line":486,"column":9}},"232":{"start":{"line":485,"column":12},"end":{"line":485,"column":90}},"233":{"start":{"line":487,"column":8},"end":{"line":487,"column":36}},"234":{"start":{"line":488,"column":8},"end":{"line":488,"column":90}},"235":{"start":{"line":491,"column":8},"end":{"line":491,"column":29}},"236":{"start":{"line":492,"column":8},"end":{"line":492,"column":64}},"237":{"start":{"line":498,"column":0},"end":{"line":515,"column":3}},"238":{"start":{"line":499,"column":21},"end":{"line":499,"column":31}},"239":{"start":{"line":500,"column":22},"end":{"line":500,"column":30}},"240":{"start":{"line":501,"column":4},"end":{"line":514,"column":5}},"241":{"start":{"line":502,"column":8},"end":{"line":509,"column":11}},"242":{"start":{"line":510,"column":8},"end":{"line":510,"column":48}},"243":{"start":{"line":512,"column":8},"end":{"line":512,"column":29}},"244":{"start":{"line":513,"column":8},"end":{"line":513,"column":67}},"245":{"start":{"line":518,"column":0},"end":{"line":552,"column":3}},"246":{"start":{"line":519,"column":32},"end":{"line":519,"column":42}},"247":{"start":{"line":520,"column":22},"end":{"line":520,"column":30}},"248":{"start":{"line":522,"column":4},"end":{"line":551,"column":5}},"249":{"start":{"line":523,"column":22},"end":{"line":527,"column":10}},"250":{"start":{"line":528,"column":8},"end":{"line":530,"column":9}},"251":{"start":{"line":529,"column":12},"end":{"line":529,"column":72}},"252":{"start":{"line":533,"column":8},"end":{"line":535,"column":9}},"253":{"start":{"line":534,"column":12},"end":{"line":534,"column":90}},"254":{"start":{"line":538,"column":8},"end":{"line":545,"column":11}},"255":{"start":{"line":547,"column":8},"end":{"line":547,"column":49}},"256":{"start":{"line":549,"column":8},"end":{"line":549,"column":29}},"257":{"start":{"line":550,"column":8},"end":{"line":550,"column":66}},"258":{"start":{"line":555,"column":0},"end":{"line":585,"column":3}},"259":{"start":{"line":556,"column":32},"end":{"line":556,"column":42}},"260":{"start":{"line":557,"column":4},"end":{"line":583,"column":5}},"261":{"start":{"line":558,"column":24},"end":{"line":562,"column":10}},"262":{"start":{"line":563,"column":8},"end":{"line":565,"column":9}},"263":{"start":{"line":564,"column":12},"end":{"line":564,"column":72}},"264":{"start":{"line":568,"column":8},"end":{"line":570,"column":9}},"265":{"start":{"line":569,"column":12},"end":{"line":569,"column":90}},"266":{"start":{"line":573,"column":8},"end":{"line":577,"column":11}},"267":{"start":{"line":579,"column":8},"end":{"line":579,"column":49}},"268":{"start":{"line":581,"column":8},"end":{"line":581,"column":29}},"269":{"start":{"line":582,"column":8},"end":{"line":582,"column":66}},"270":{"start":{"line":588,"column":0},"end":{"line":610,"column":3}},"271":{"start":{"line":589,"column":21},"end":{"line":589,"column":31}},"272":{"start":{"line":590,"column":4},"end":{"line":609,"column":5}},"273":{"start":{"line":591,"column":25},"end":{"line":598,"column":10}},"274":{"start":{"line":599,"column":8},"end":{"line":605,"column":11}},"275":{"start":{"line":607,"column":8},"end":{"line":607,"column":29}},"276":{"start":{"line":608,"column":8},"end":{"line":608,"column":68}},"277":{"start":{"line":613,"column":0},"end":{"line":613,"column":21}}},"fnMap":{"0":{"name":"hashPassword","decl":{"start":{"line":32,"column":15},"end":{"line":32,"column":27}},"loc":{"start":{"line":32,"column":38},"end":{"line":35,"column":1}},"line":32},"1":{"name":"isLogin","decl":{"start":{"line":37,"column":9},"end":{"line":37,"column":16}},"loc":{"start":{"line":37,"column":22},"end":{"line":39,"column":1}},"line":37},"2":{"name":"authenticateJWT","decl":{"start":{"line":42,"column":9},"end":{"line":42,"column":24}},"loc":{"start":{"line":42,"column":41},"end":{"line":55,"column":1}},"line":42},"3":{"name":"isAdmin","decl":{"start":{"line":57,"column":15},"end":{"line":57,"column":22}},"loc":{"start":{"line":57,"column":39},"end":{"line":65,"column":1}},"line":57},"4":{"name":"(anonymous_4)","decl":{"start":{"line":74,"column":4},"end":{"line":74,"column":5}},"loc":{"start":{"line":74,"column":24},"end":{"line":81,"column":5}},"line":74},"5":{"name":"(anonymous_5)","decl":{"start":{"line":84,"column":23},"end":{"line":84,"column":24}},"loc":{"start":{"line":84,"column":43},"end":{"line":97,"column":1}},"line":84},"6":{"name":"(anonymous_6)","decl":{"start":{"line":99,"column":19},"end":{"line":99,"column":20}},"loc":{"start":{"line":99,"column":33},"end":{"line":101,"column":1}},"line":99},"7":{"name":"(anonymous_7)","decl":{"start":{"line":103,"column":20},"end":{"line":103,"column":21}},"loc":{"start":{"line":103,"column":40},"end":{"line":118,"column":1}},"line":103},"8":{"name":"(anonymous_8)","decl":{"start":{"line":121,"column":18},"end":{"line":121,"column":19}},"loc":{"start":{"line":121,"column":32},"end":{"line":123,"column":1}},"line":121},"9":{"name":"(anonymous_9)","decl":{"start":{"line":126,"column":19},"end":{"line":126,"column":20}},"loc":{"start":{"line":126,"column":39},"end":{"line":150,"column":1}},"line":126},"10":{"name":"(anonymous_10)","decl":{"start":{"line":152,"column":19},"end":{"line":152,"column":20}},"loc":{"start":{"line":152,"column":33},"end":{"line":161,"column":1}},"line":152},"11":{"name":"(anonymous_11)","decl":{"start":{"line":154,"column":24},"end":{"line":154,"column":25}},"loc":{"start":{"line":154,"column":33},"end":{"line":160,"column":5}},"line":154},"12":{"name":"(anonymous_12)","decl":{"start":{"line":163,"column":13},"end":{"line":163,"column":14}},"loc":{"start":{"line":163,"column":33},"end":{"line":204,"column":1}},"line":163},"13":{"name":"(anonymous_13)","decl":{"start":{"line":208,"column":44},"end":{"line":208,"column":45}},"loc":{"start":{"line":208,"column":64},"end":{"line":216,"column":1}},"line":208},"14":{"name":"(anonymous_14)","decl":{"start":{"line":219,"column":38},"end":{"line":219,"column":39}},"loc":{"start":{"line":219,"column":58},"end":{"line":237,"column":1}},"line":219},"15":{"name":"(anonymous_15)","decl":{"start":{"line":238,"column":45},"end":{"line":238,"column":46}},"loc":{"start":{"line":238,"column":65},"end":{"line":254,"column":1}},"line":238},"16":{"name":"(anonymous_16)","decl":{"start":{"line":256,"column":38},"end":{"line":256,"column":39}},"loc":{"start":{"line":256,"column":58},"end":{"line":277,"column":1}},"line":256},"17":{"name":"(anonymous_17)","decl":{"start":{"line":280,"column":41},"end":{"line":280,"column":42}},"loc":{"start":{"line":280,"column":61},"end":{"line":297,"column":1}},"line":280},"18":{"name":"(anonymous_18)","decl":{"start":{"line":302,"column":34},"end":{"line":302,"column":35}},"loc":{"start":{"line":302,"column":54},"end":{"line":304,"column":1}},"line":302},"19":{"name":"(anonymous_19)","decl":{"start":{"line":305,"column":63},"end":{"line":305,"column":64}},"loc":{"start":{"line":305,"column":83},"end":{"line":344,"column":1}},"line":305},"20":{"name":"(anonymous_20)","decl":{"start":{"line":317,"column":45},"end":{"line":317,"column":46}},"loc":{"start":{"line":317,"column":52},"end":{"line":317,"column":62}},"line":317},"21":{"name":"(anonymous_21)","decl":{"start":{"line":317,"column":71},"end":{"line":317,"column":72}},"loc":{"start":{"line":317,"column":78},"end":{"line":317,"column":109}},"line":317},"22":{"name":"(anonymous_22)","decl":{"start":{"line":319,"column":58},"end":{"line":319,"column":59}},"loc":{"start":{"line":319,"column":75},"end":{"line":325,"column":9}},"line":319},"23":{"name":"(anonymous_23)","decl":{"start":{"line":332,"column":47},"end":{"line":332,"column":48}},"loc":{"start":{"line":332,"column":55},"end":{"line":332,"column":67}},"line":332},"24":{"name":"(anonymous_24)","decl":{"start":{"line":348,"column":66},"end":{"line":348,"column":67}},"loc":{"start":{"line":348,"column":86},"end":{"line":369,"column":1}},"line":348},"25":{"name":"(anonymous_25)","decl":{"start":{"line":372,"column":66},"end":{"line":372,"column":67}},"loc":{"start":{"line":372,"column":86},"end":{"line":420,"column":1}},"line":372},"26":{"name":"(anonymous_26)","decl":{"start":{"line":391,"column":45},"end":{"line":391,"column":46}},"loc":{"start":{"line":391,"column":52},"end":{"line":391,"column":62}},"line":391},"27":{"name":"(anonymous_27)","decl":{"start":{"line":391,"column":71},"end":{"line":391,"column":72}},"loc":{"start":{"line":391,"column":78},"end":{"line":391,"column":109}},"line":391},"28":{"name":"(anonymous_28)","decl":{"start":{"line":393,"column":58},"end":{"line":393,"column":59}},"loc":{"start":{"line":393,"column":75},"end":{"line":399,"column":9}},"line":393},"29":{"name":"(anonymous_29)","decl":{"start":{"line":405,"column":47},"end":{"line":405,"column":48}},"loc":{"start":{"line":405,"column":55},"end":{"line":405,"column":67}},"line":405},"30":{"name":"(anonymous_30)","decl":{"start":{"line":423,"column":41},"end":{"line":423,"column":42}},"loc":{"start":{"line":423,"column":61},"end":{"line":458,"column":1}},"line":423},"31":{"name":"(anonymous_31)","decl":{"start":{"line":435,"column":48},"end":{"line":435,"column":49}},"loc":{"start":{"line":435,"column":67},"end":{"line":437,"column":13}},"line":435},"32":{"name":"(anonymous_32)","decl":{"start":{"line":441,"column":44},"end":{"line":441,"column":45}},"loc":{"start":{"line":441,"column":59},"end":{"line":446,"column":13}},"line":441},"33":{"name":"(anonymous_33)","decl":{"start":{"line":462,"column":50},"end":{"line":462,"column":51}},"loc":{"start":{"line":462,"column":70},"end":{"line":470,"column":1}},"line":462},"34":{"name":"(anonymous_34)","decl":{"start":{"line":472,"column":61},"end":{"line":472,"column":62}},"loc":{"start":{"line":472,"column":81},"end":{"line":495,"column":1}},"line":472},"35":{"name":"(anonymous_35)","decl":{"start":{"line":498,"column":51},"end":{"line":498,"column":52}},"loc":{"start":{"line":498,"column":71},"end":{"line":515,"column":1}},"line":498},"36":{"name":"(anonymous_36)","decl":{"start":{"line":518,"column":61},"end":{"line":518,"column":62}},"loc":{"start":{"line":518,"column":81},"end":{"line":552,"column":1}},"line":518},"37":{"name":"(anonymous_37)","decl":{"start":{"line":555,"column":64},"end":{"line":555,"column":65}},"loc":{"start":{"line":555,"column":84},"end":{"line":585,"column":1}},"line":555},"38":{"name":"(anonymous_38)","decl":{"start":{"line":588,"column":34},"end":{"line":588,"column":35}},"loc":{"start":{"line":588,"column":54},"end":{"line":610,"column":1}},"line":588}},"branchMap":{"0":{"loc":{"start":{"line":45,"column":4},"end":{"line":47,"column":5}},"type":"if","locations":[{"start":{"line":45,"column":4},"end":{"line":47,"column":5}},{"start":{},"end":{}}],"line":45},"1":{"loc":{"start":{"line":59,"column":4},"end":{"line":63,"column":5}},"type":"if","locations":[{"start":{"line":59,"column":4},"end":{"line":63,"column":5}},{"start":{"line":61,"column":11},"end":{"line":63,"column":5}}],"line":59},"2":{"loc":{"start":{"line":85,"column":4},"end":{"line":90,"column":5}},"type":"if","locations":[{"start":{"line":85,"column":4},"end":{"line":90,"column":5}},{"start":{},"end":{}}],"line":85},"3":{"loc":{"start":{"line":85,"column":8},"end":{"line":85,"column":73}},"type":"binary-expr","locations":[{"start":{"line":85,"column":8},"end":{"line":85,"column":16}},{"start":{"line":85,"column":20},"end":{"line":85,"column":48}},{"start":{"line":85,"column":52},"end":{"line":85,"column":73}}],"line":85},"4":{"loc":{"start":{"line":91,"column":4},"end":{"line":96,"column":5}},"type":"if","locations":[{"start":{"line":91,"column":4},"end":{"line":96,"column":5}},{"start":{},"end":{}}],"line":91},"5":{"loc":{"start":{"line":130,"column":8},"end":{"line":134,"column":9}},"type":"if","locations":[{"start":{"line":130,"column":8},"end":{"line":134,"column":9}},{"start":{},"end":{}}],"line":130},"6":{"loc":{"start":{"line":136,"column":8},"end":{"line":140,"column":9}},"type":"if","locations":[{"start":{"line":136,"column":8},"end":{"line":140,"column":9}},{"start":{},"end":{}}],"line":136},"7":{"loc":{"start":{"line":155,"column":8},"end":{"line":158,"column":9}},"type":"if","locations":[{"start":{"line":155,"column":8},"end":{"line":158,"column":9}},{"start":{},"end":{}}],"line":155},"8":{"loc":{"start":{"line":165,"column":15},"end":{"line":165,"column":23}},"type":"default-arg","locations":[{"start":{"line":165,"column":22},"end":{"line":165,"column":23}}],"line":165},"9":{"loc":{"start":{"line":170,"column":24},"end":{"line":172,"column":29}},"type":"cond-expr","locations":[{"start":{"line":170,"column":39},"end":{"line":172,"column":17}},{"start":{"line":172,"column":20},"end":{"line":172,"column":29}}],"line":170},"10":{"loc":{"start":{"line":179,"column":27},"end":{"line":179,"column":73}},"type":"cond-expr","locations":[{"start":{"line":179,"column":59},"end":{"line":179,"column":64}},{"start":{"line":179,"column":67},"end":{"line":179,"column":73}}],"line":179},"11":{"loc":{"start":{"line":182,"column":24},"end":{"line":184,"column":29}},"type":"cond-expr","locations":[{"start":{"line":182,"column":39},"end":{"line":184,"column":17}},{"start":{"line":184,"column":20},"end":{"line":184,"column":29}}],"line":182},"12":{"loc":{"start":{"line":221,"column":4},"end":{"line":236,"column":5}},"type":"if","locations":[{"start":{"line":221,"column":4},"end":{"line":236,"column":5}},{"start":{"line":234,"column":11},"end":{"line":236,"column":5}}],"line":221},"13":{"loc":{"start":{"line":224,"column":12},"end":{"line":226,"column":13}},"type":"if","locations":[{"start":{"line":224,"column":12},"end":{"line":226,"column":13}},{"start":{},"end":{}}],"line":224},"14":{"loc":{"start":{"line":240,"column":4},"end":{"line":253,"column":5}},"type":"if","locations":[{"start":{"line":240,"column":4},"end":{"line":253,"column":5}},{"start":{"line":251,"column":11},"end":{"line":253,"column":5}}],"line":240},"15":{"loc":{"start":{"line":240,"column":8},"end":{"line":240,"column":75}},"type":"binary-expr","locations":[{"start":{"line":240,"column":8},"end":{"line":240,"column":43}},{"start":{"line":240,"column":47},"end":{"line":240,"column":75}}],"line":240},"16":{"loc":{"start":{"line":243,"column":12},"end":{"line":245,"column":13}},"type":"if","locations":[{"start":{"line":243,"column":12},"end":{"line":245,"column":13}},{"start":{},"end":{}}],"line":243},"17":{"loc":{"start":{"line":259,"column":4},"end":{"line":276,"column":5}},"type":"if","locations":[{"start":{"line":259,"column":4},"end":{"line":276,"column":5}},{"start":{"line":274,"column":11},"end":{"line":276,"column":5}}],"line":259},"18":{"loc":{"start":{"line":259,"column":8},"end":{"line":259,"column":75}},"type":"binary-expr","locations":[{"start":{"line":259,"column":8},"end":{"line":259,"column":43}},{"start":{"line":259,"column":47},"end":{"line":259,"column":75}}],"line":259},"19":{"loc":{"start":{"line":265,"column":12},"end":{"line":267,"column":13}},"type":"if","locations":[{"start":{"line":265,"column":12},"end":{"line":267,"column":13}},{"start":{},"end":{}}],"line":265},"20":{"loc":{"start":{"line":282,"column":4},"end":{"line":296,"column":5}},"type":"if","locations":[{"start":{"line":282,"column":4},"end":{"line":296,"column":5}},{"start":{"line":294,"column":11},"end":{"line":296,"column":5}}],"line":282},"21":{"loc":{"start":{"line":282,"column":8},"end":{"line":282,"column":75}},"type":"binary-expr","locations":[{"start":{"line":282,"column":8},"end":{"line":282,"column":43}},{"start":{"line":282,"column":47},"end":{"line":282,"column":75}}],"line":282},"22":{"loc":{"start":{"line":285,"column":12},"end":{"line":287,"column":13}},"type":"if","locations":[{"start":{"line":285,"column":12},"end":{"line":287,"column":13}},{"start":{},"end":{}}],"line":285},"23":{"loc":{"start":{"line":311,"column":8},"end":{"line":315,"column":9}},"type":"if","locations":[{"start":{"line":311,"column":8},"end":{"line":315,"column":9}},{"start":{},"end":{}}],"line":311},"24":{"loc":{"start":{"line":312,"column":12},"end":{"line":314,"column":13}},"type":"if","locations":[{"start":{"line":312,"column":12},"end":{"line":314,"column":13}},{"start":{},"end":{}}],"line":312},"25":{"loc":{"start":{"line":317,"column":78},"end":{"line":317,"column":109}},"type":"binary-expr","locations":[{"start":{"line":317,"column":78},"end":{"line":317,"column":88}},{"start":{"line":317,"column":92},"end":{"line":317,"column":109}}],"line":317},"26":{"loc":{"start":{"line":356,"column":8},"end":{"line":358,"column":9}},"type":"if","locations":[{"start":{"line":356,"column":8},"end":{"line":358,"column":9}},{"start":{},"end":{}}],"line":356},"27":{"loc":{"start":{"line":359,"column":8},"end":{"line":361,"column":9}},"type":"if","locations":[{"start":{"line":359,"column":8},"end":{"line":361,"column":9}},{"start":{},"end":{}}],"line":359},"28":{"loc":{"start":{"line":359,"column":12},"end":{"line":359,"column":80}},"type":"binary-expr","locations":[{"start":{"line":359,"column":12},"end":{"line":359,"column":48}},{"start":{"line":359,"column":52},"end":{"line":359,"column":80}}],"line":359},"29":{"loc":{"start":{"line":378,"column":8},"end":{"line":380,"column":9}},"type":"if","locations":[{"start":{"line":378,"column":8},"end":{"line":380,"column":9}},{"start":{},"end":{}}],"line":378},"30":{"loc":{"start":{"line":381,"column":8},"end":{"line":383,"column":9}},"type":"if","locations":[{"start":{"line":381,"column":8},"end":{"line":383,"column":9}},{"start":{},"end":{}}],"line":381},"31":{"loc":{"start":{"line":381,"column":12},"end":{"line":381,"column":80}},"type":"binary-expr","locations":[{"start":{"line":381,"column":12},"end":{"line":381,"column":48}},{"start":{"line":381,"column":52},"end":{"line":381,"column":80}}],"line":381},"32":{"loc":{"start":{"line":385,"column":8},"end":{"line":389,"column":9}},"type":"if","locations":[{"start":{"line":385,"column":8},"end":{"line":389,"column":9}},{"start":{},"end":{}}],"line":385},"33":{"loc":{"start":{"line":386,"column":12},"end":{"line":388,"column":13}},"type":"if","locations":[{"start":{"line":386,"column":12},"end":{"line":388,"column":13}},{"start":{},"end":{}}],"line":386},"34":{"loc":{"start":{"line":391,"column":78},"end":{"line":391,"column":109}},"type":"binary-expr","locations":[{"start":{"line":391,"column":78},"end":{"line":391,"column":88}},{"start":{"line":391,"column":92},"end":{"line":391,"column":109}}],"line":391},"35":{"loc":{"start":{"line":427,"column":8},"end":{"line":429,"column":9}},"type":"if","locations":[{"start":{"line":427,"column":8},"end":{"line":429,"column":9}},{"start":{},"end":{}}],"line":427},"36":{"loc":{"start":{"line":430,"column":8},"end":{"line":432,"column":9}},"type":"if","locations":[{"start":{"line":430,"column":8},"end":{"line":432,"column":9}},{"start":{},"end":{}}],"line":430},"37":{"loc":{"start":{"line":430,"column":12},"end":{"line":430,"column":80}},"type":"binary-expr","locations":[{"start":{"line":430,"column":12},"end":{"line":430,"column":48}},{"start":{"line":430,"column":52},"end":{"line":430,"column":80}}],"line":430},"38":{"loc":{"start":{"line":434,"column":8},"end":{"line":438,"column":9}},"type":"if","locations":[{"start":{"line":434,"column":8},"end":{"line":438,"column":9}},{"start":{},"end":{}}],"line":434},"39":{"loc":{"start":{"line":440,"column":8},"end":{"line":447,"column":9}},"type":"if","locations":[{"start":{"line":440,"column":8},"end":{"line":447,"column":9}},{"start":{},"end":{}}],"line":440},"40":{"loc":{"start":{"line":481,"column":8},"end":{"line":483,"column":9}},"type":"if","locations":[{"start":{"line":481,"column":8},"end":{"line":483,"column":9}},{"start":{},"end":{}}],"line":481},"41":{"loc":{"start":{"line":484,"column":8},"end":{"line":486,"column":9}},"type":"if","locations":[{"start":{"line":484,"column":8},"end":{"line":486,"column":9}},{"start":{},"end":{}}],"line":484},"42":{"loc":{"start":{"line":484,"column":12},"end":{"line":484,"column":83}},"type":"binary-expr","locations":[{"start":{"line":484,"column":12},"end":{"line":484,"column":51}},{"start":{"line":484,"column":55},"end":{"line":484,"column":83}}],"line":484},"43":{"loc":{"start":{"line":528,"column":8},"end":{"line":530,"column":9}},"type":"if","locations":[{"start":{"line":528,"column":8},"end":{"line":530,"column":9}},{"start":{},"end":{}}],"line":528},"44":{"loc":{"start":{"line":533,"column":8},"end":{"line":535,"column":9}},"type":"if","locations":[{"start":{"line":533,"column":8},"end":{"line":535,"column":9}},{"start":{},"end":{}}],"line":533},"45":{"loc":{"start":{"line":533,"column":12},"end":{"line":533,"column":83}},"type":"binary-expr","locations":[{"start":{"line":533,"column":12},"end":{"line":533,"column":51}},{"start":{"line":533,"column":55},"end":{"line":533,"column":83}}],"line":533},"46":{"loc":{"start":{"line":563,"column":8},"end":{"line":565,"column":9}},"type":"if","locations":[{"start":{"line":563,"column":8},"end":{"line":565,"column":9}},{"start":{},"end":{}}],"line":563},"47":{"loc":{"start":{"line":568,"column":8},"end":{"line":570,"column":9}},"type":"if","locations":[{"start":{"line":568,"column":8},"end":{"line":570,"column":9}},{"start":{},"end":{}}],"line":568},"48":{"loc":{"start":{"line":568,"column":12},"end":{"line":568,"column":83}},"type":"binary-expr","locations":[{"start":{"line":568,"column":12},"end":{"line":568,"column":51}},{"start":{"line":568,"column":55},"end":{"line":568,"column":83}}],"line":568}},"s":{"0":1,"1":1,"2":1,"3":1,"4":1,"5":1,"6":1,"7":1,"8":1,"9":1,"10":1,"11":1,"12":1,"13":1,"14":1,"15":1,"16":1,"17":1,"18":1,"19":0,"20":0,"21":0,"22":0,"23":0,"24":0,"25":0,"26":0,"27":0,"28":0,"29":0,"30":1,"31":1,"32":0,"33":0,"34":0,"35":0,"36":0,"37":1,"38":2,"39":0,"40":0,"41":0,"42":2,"43":0,"44":0,"45":0,"46":1,"47":0,"48":1,"49":1,"50":1,"51":1,"52":1,"53":1,"54":1,"55":0,"56":0,"57":1,"58":0,"59":1,"60":1,"61":1,"62":1,"63":1,"64":0,"65":0,"66":1,"67":1,"68":0,"69":0,"70":1,"71":1,"72":1,"73":1,"74":1,"75":0,"76":0,"77":1,"78":1,"79":1,"80":0,"81":0,"82":1,"83":1,"84":1,"85":1,"86":1,"87":1,"88":1,"89":1,"90":1,"91":1,"92":0,"93":0,"94":1,"95":0,"96":0,"97":0,"98":0,"99":0,"100":1,"101":0,"102":0,"103":0,"104":0,"105":0,"106":0,"107":0,"108":0,"109":0,"110":0,"111":1,"112":0,"113":0,"114":0,"115":0,"116":0,"117":0,"118":0,"119":0,"120":0,"121":0,"122":1,"123":0,"124":0,"125":0,"126":0,"127":0,"128":0,"129":0,"130":0,"131":0,"132":0,"133":0,"134":1,"135":0,"136":0,"137":0,"138":0,"139":0,"140":0,"141":0,"142":0,"143":0,"144":0,"145":0,"146":1,"147":0,"148":1,"149":0,"150":0,"151":0,"152":0,"153":0,"154":0,"155":0,"156":0,"157":0,"158":0,"159":0,"160":0,"161":0,"162":0,"163":0,"164":0,"165":1,"166":0,"167":0,"168":0,"169":0,"170":0,"171":0,"172":0,"173":0,"174":0,"175":0,"176":0,"177":1,"178":0,"179":0,"180":0,"181":0,"182":0,"183":0,"184":0,"185":0,"186":0,"187":0,"188":0,"189":0,"190":0,"191":0,"192":0,"193":0,"194":0,"195":0,"196":0,"197":0,"198":0,"199":0,"200":0,"201":1,"202":0,"203":0,"204":0,"205":0,"206":0,"207":0,"208":0,"209":0,"210":0,"211":0,"212":0,"213":0,"214":0,"215":0,"216":0,"217":0,"218":0,"219":1,"220":0,"221":0,"222":0,"223":0,"224":0,"225":1,"226":0,"227":0,"228":0,"229":0,"230":0,"231":0,"232":0,"233":0,"234":0,"235":0,"236":0,"237":1,"238":0,"239":0,"240":0,"241":0,"242":0,"243":0,"244":0,"245":1,"246":0,"247":0,"248":0,"249":0,"250":0,"251":0,"252":0,"253":0,"254":0,"255":0,"256":0,"257":0,"258":1,"259":0,"260":0,"261":0,"262":0,"263":0,"264":0,"265":0,"266":0,"267":0,"268":0,"269":0,"270":1,"271":0,"272":0,"273":0,"274":0,"275":0,"276":0,"277":1},"f":{"0":1,"1":1,"2":0,"3":0,"4":0,"5":2,"6":0,"7":1,"8":0,"9":1,"10":1,"11":1,"12":1,"13":0,"14":0,"15":0,"16":0,"17":0,"18":0,"19":0,"20":0,"21":0,"22":0,"23":0,"24":0,"25":0,"26":0,"27":0,"28":0,"29":0,"30":0,"31":0,"32":0,"33":0,"34":0,"35":0,"36":0,"37":0,"38":0},"b":{"0":[0,0],"1":[0,0],"2":[0,2],"3":[2,2,2],"4":[0,2],"5":[0,1],"6":[0,1],"7":[0,1],"8":[1],"9":[0,1],"10":[0,1],"11":[0,1],"12":[0,0],"13":[0,0],"14":[0,0],"15":[0,0],"16":[0,0],"17":[0,0],"18":[0,0],"19":[0,0],"20":[0,0],"21":[0,0],"22":[0,0],"23":[0,0],"24":[0,0],"25":[0,0],"26":[0,0],"27":[0,0],"28":[0,0],"29":[0,0],"30":[0,0],"31":[0,0],"32":[0,0],"33":[0,0],"34":[0,0],"35":[0,0],"36":[0,0],"37":[0,0],"38":[0,0],"39":[0,0],"40":[0,0],"41":[0,0],"42":[0,0],"43":[0,0],"44":[0,0],"45":[0,0],"46":[0,0],"47":[0,0],"48":[0,0]},"_coverageSchema":"1a1c01bbd47fc00a2c39e90264f33305004495a9","hash":"1b6295afe535cafea45af751f8ec8f60848ff2d1"}
,"E:\\e partition\\facultate\\an3\\sem2\\node\\proiect\\veterinary-social-network\\src\\routes\\jwt.js": {"path":"E:\\e partition\\facultate\\an3\\sem2\\node\\proiect\\veterinary-social-network\\src\\routes\\jwt.js","statementMap":{"0":{"start":{"line":1,"column":12},"end":{"line":1,"column":35}},"1":{"start":{"line":3,"column":15},"end":{"line":3,"column":32}},"2":{"start":{"line":6,"column":4},"end":{"line":6,"column":40}},"3":{"start":{"line":11,"column":4},"end":{"line":11,"column":37}},"4":{"start":{"line":14,"column":0},"end":{"line":14,"column":48}}},"fnMap":{"0":{"name":"generateToken","decl":{"start":{"line":5,"column":9},"end":{"line":5,"column":22}},"loc":{"start":{"line":5,"column":31},"end":{"line":7,"column":1}},"line":5},"1":{"name":"verifyToken","decl":{"start":{"line":10,"column":9},"end":{"line":10,"column":20}},"loc":{"start":{"line":10,"column":28},"end":{"line":12,"column":1}},"line":10}},"branchMap":{},"s":{"0":1,"1":1,"2":1,"3":0,"4":1},"f":{"0":1,"1":0},"b":{},"_coverageSchema":"1a1c01bbd47fc00a2c39e90264f33305004495a9","hash":"eef018c15f6440b635cb9020c1154520992a52ec"}
,"E:\\e partition\\facultate\\an3\\sem2\\node\\proiect\\veterinary-social-network\\src\\routes\\oauth.js": {"path":"E:\\e partition\\facultate\\an3\\sem2\\node\\proiect\\veterinary-social-network\\src\\routes\\oauth.js","statementMap":{"0":{"start":{"line":1,"column":17},"end":{"line":1,"column":36}},"1":{"start":{"line":2,"column":23},"end":{"line":2,"column":66}},"2":{"start":{"line":3,"column":21},"end":{"line":3,"column":44}},"3":{"start":{"line":4,"column":15},"end":{"line":4,"column":33}},"4":{"start":{"line":5,"column":24},"end":{"line":5,"column":44}},"5":{"start":{"line":6,"column":0},"end":{"line":6,"column":27}},"6":{"start":{"line":8,"column":0},"end":{"line":32,"column":3}},"7":{"start":{"line":14,"column":8},"end":{"line":30,"column":9}},"8":{"start":{"line":15,"column":23},"end":{"line":15,"column":104}},"9":{"start":{"line":16,"column":12},"end":{"line":26,"column":13}},"10":{"start":{"line":17,"column":39},"end":{"line":17,"column":72}},"11":{"start":{"line":19,"column":16},"end":{"line":25,"column":19}},"12":{"start":{"line":27,"column":12},"end":{"line":27,"column":34}},"13":{"start":{"line":29,"column":12},"end":{"line":29,"column":29}},"14":{"start":{"line":33,"column":0},"end":{"line":35,"column":3}},"15":{"start":{"line":34,"column":4},"end":{"line":34,"column":19}},"16":{"start":{"line":37,"column":0},"end":{"line":48,"column":3}},"17":{"start":{"line":38,"column":4},"end":{"line":47,"column":5}},"18":{"start":{"line":39,"column":19},"end":{"line":39,"column":28}},"19":{"start":{"line":40,"column":21},"end":{"line":40,"column":80}},"20":{"start":{"line":41,"column":8},"end":{"line":43,"column":9}},"21":{"start":{"line":42,"column":12},"end":{"line":42,"column":51}},"22":{"start":{"line":44,"column":8},"end":{"line":44,"column":23}},"23":{"start":{"line":46,"column":8},"end":{"line":46,"column":18}},"24":{"start":{"line":50,"column":0},"end":{"line":50,"column":26}}},"fnMap":{"0":{"name":"(anonymous_0)","decl":{"start":{"line":13,"column":4},"end":{"line":13,"column":5}},"loc":{"start":{"line":13,"column":59},"end":{"line":31,"column":5}},"line":13},"1":{"name":"(anonymous_1)","decl":{"start":{"line":33,"column":23},"end":{"line":33,"column":24}},"loc":{"start":{"line":33,"column":42},"end":{"line":35,"column":1}},"line":33},"2":{"name":"(anonymous_2)","decl":{"start":{"line":37,"column":25},"end":{"line":37,"column":26}},"loc":{"start":{"line":37,"column":49},"end":{"line":48,"column":1}},"line":37}},"branchMap":{"0":{"loc":{"start":{"line":16,"column":12},"end":{"line":26,"column":13}},"type":"if","locations":[{"start":{"line":16,"column":12},"end":{"line":26,"column":13}},{"start":{},"end":{}}],"line":16},"1":{"loc":{"start":{"line":41,"column":8},"end":{"line":43,"column":9}},"type":"if","locations":[{"start":{"line":41,"column":8},"end":{"line":43,"column":9}},{"start":{},"end":{}}],"line":41}},"s":{"0":1,"1":1,"2":1,"3":1,"4":1,"5":1,"6":1,"7":0,"8":0,"9":0,"10":0,"11":0,"12":0,"13":0,"14":1,"15":0,"16":1,"17":0,"18":0,"19":0,"20":0,"21":0,"22":0,"23":0,"24":1},"f":{"0":0,"1":0,"2":0},"b":{"0":[0,0],"1":[0,0]},"_coverageSchema":"1a1c01bbd47fc00a2c39e90264f33305004495a9","hash":"defbbf1f5a2114c15fe0f46807bcc3367f3c6fc4"}
,"E:\\e partition\\facultate\\an3\\sem2\\node\\proiect\\veterinary-social-network\\src\\routes\\prisma.js": {"path":"E:\\e partition\\facultate\\an3\\sem2\\node\\proiect\\veterinary-social-network\\src\\routes\\prisma.js","statementMap":{"0":{"start":{"line":1,"column":17},"end":{"line":1,"column":42}},"1":{"start":{"line":3,"column":14},"end":{"line":3,"column":42}},"2":{"start":{"line":5,"column":0},"end":{"line":5,"column":24}}},"fnMap":{},"branchMap":{},"s":{"0":1,"1":1,"2":1},"f":{},"b":{},"_coverageSchema":"1a1c01bbd47fc00a2c39e90264f33305004495a9","hash":"4c82b29a7f634385cbeeb305a0beab9282c2e44a"}
}
