TN:
SF:src\middlewares\uploadMiddleware.js
FN:7,uploadMiddleware
FN:10,(anonymous_1)
FN:28,(anonymous_2)
FNF:3
FNH:1
FNDA:1,uploadMiddleware
FNDA:0,(anonymous_1)
FNDA:0,(anonymous_2)
DA:1,1
DA:2,1
DA:3,1
DA:4,1
DA:8,1
DA:11,0
DA:12,0
DA:13,0
DA:15,0
DA:23,1
DA:29,0
DA:30,0
DA:32,0
DA:37,1
LF:14
LH:7
BRDA:29,0,0,0
BRDA:29,0,1,0
BRF:2
BRH:0
end_of_record
TN:
SF:src\routes\cloudinaryConfig.js
FNF:0
FNH:0
DA:1,1
DA:4,1
DA:10,1
LF:3
LH:3
BRF:0
BRH:0
end_of_record
TN:
SF:src\routes\index.js
FN:32,hashPassword
FN:37,isLogin
FN:42,authenticateJWT
FN:57,isAdmin
FN:74,(anonymous_4)
FN:84,(anonymous_5)
FN:99,(anonymous_6)
FN:103,(anonymous_7)
FN:121,(anonymous_8)
FN:126,(anonymous_9)
FN:152,(anonymous_10)
FN:154,(anonymous_11)
FN:163,(anonymous_12)
FN:208,(anonymous_13)
FN:219,(anonymous_14)
FN:238,(anonymous_15)
FN:256,(anonymous_16)
FN:280,(anonymous_17)
FN:302,(anonymous_18)
FN:305,(anonymous_19)
FN:317,(anonymous_20)
FN:317,(anonymous_21)
FN:319,(anonymous_22)
FN:332,(anonymous_23)
FN:348,(anonymous_24)
FN:372,(anonymous_25)
FN:391,(anonymous_26)
FN:391,(anonymous_27)
FN:393,(anonymous_28)
FN:405,(anonymous_29)
FN:423,(anonymous_30)
FN:435,(anonymous_31)
FN:441,(anonymous_32)
FN:462,(anonymous_33)
FN:472,(anonymous_34)
FN:498,(anonymous_35)
FN:518,(anonymous_36)
FN:555,(anonymous_37)
FN:588,(anonymous_38)
FNF:39
FNH:8
FNDA:1,hashPassword
FNDA:1,isLogin
FNDA:0,authenticateJWT
FNDA:0,isAdmin
FNDA:0,(anonymous_4)
FNDA:2,(anonymous_5)
FNDA:0,(anonymous_6)
FNDA:1,(anonymous_7)
FNDA:0,(anonymous_8)
FNDA:1,(anonymous_9)
FNDA:1,(anonymous_10)
FNDA:1,(anonymous_11)
FNDA:1,(anonymous_12)
FNDA:0,(anonymous_13)
FNDA:0,(anonymous_14)
FNDA:0,(anonymous_15)
FNDA:0,(anonymous_16)
FNDA:0,(anonymous_17)
FNDA:0,(anonymous_18)
FNDA:0,(anonymous_19)
FNDA:0,(anonymous_20)
FNDA:0,(anonymous_21)
FNDA:0,(anonymous_22)
FNDA:0,(anonymous_23)
FNDA:0,(anonymous_24)
FNDA:0,(anonymous_25)
FNDA:0,(anonymous_26)
FNDA:0,(anonymous_27)
FNDA:0,(anonymous_28)
FNDA:0,(anonymous_29)
FNDA:0,(anonymous_30)
FNDA:0,(anonymous_31)
FNDA:0,(anonymous_32)
FNDA:0,(anonymous_33)
FNDA:0,(anonymous_34)
FNDA:0,(anonymous_35)
FNDA:0,(anonymous_36)
FNDA:0,(anonymous_37)
FNDA:0,(anonymous_38)
DA:1,1
DA:2,1
DA:3,1
DA:4,1
DA:5,1
DA:6,1
DA:7,1
DA:8,1
DA:9,1
DA:11,1
DA:15,1
DA:16,1
DA:19,1
DA:26,1
DA:27,1
DA:29,1
DA:33,1
DA:34,1
DA:38,1
DA:43,0
DA:45,0
DA:46,0
DA:48,0
DA:49,0
DA:50,0
DA:51,0
DA:53,0
DA:59,0
DA:60,0
DA:62,0
DA:69,1
DA:72,1
DA:75,0
DA:76,0
DA:77,0
DA:79,0
DA:80,0
DA:84,1
DA:85,2
DA:86,0
DA:88,0
DA:89,0
DA:91,2
DA:92,0
DA:94,0
DA:95,0
DA:99,1
DA:100,0
DA:103,1
DA:104,1
DA:106,1
DA:107,1
DA:108,1
DA:111,1
DA:112,1
DA:114,0
DA:115,0
DA:121,1
DA:122,0
DA:126,1
DA:127,1
DA:128,1
DA:129,1
DA:130,1
DA:131,0
DA:132,0
DA:135,1
DA:136,1
DA:137,0
DA:138,0
DA:141,1
DA:142,1
DA:143,1
DA:144,1
DA:145,1
DA:147,0
DA:148,0
DA:152,1
DA:154,1
DA:155,1
DA:156,0
DA:157,0
DA:159,1
DA:163,1
DA:164,1
DA:165,1
DA:166,1
DA:167,1
DA:168,1
DA:175,1
DA:176,1
DA:190,1
DA:201,0
DA:202,0
DA:208,1
DA:209,0
DA:210,0
DA:211,0
DA:213,0
DA:214,0
DA:219,1
DA:220,0
DA:221,0
DA:222,0
DA:223,0
DA:224,0
DA:225,0
DA:228,0
DA:231,0
DA:232,0
DA:235,0
DA:238,1
DA:239,0
DA:240,0
DA:241,0
DA:242,0
DA:243,0
DA:244,0
DA:246,0
DA:248,0
DA:249,0
DA:252,0
DA:256,1
DA:257,0
DA:258,0
DA:259,0
DA:260,0
DA:261,0
DA:265,0
DA:266,0
DA:269,0
DA:271,0
DA:272,0
DA:275,0
DA:280,1
DA:281,0
DA:282,0
DA:283,0
DA:284,0
DA:285,0
DA:286,0
DA:288,0
DA:289,0
DA:291,0
DA:292,0
DA:295,0
DA:302,1
DA:303,0
DA:305,1
DA:306,0
DA:308,0
DA:310,0
DA:311,0
DA:312,0
DA:313,0
DA:317,0
DA:319,0
DA:320,0
DA:327,0
DA:332,0
DA:338,0
DA:340,0
DA:342,0
DA:348,1
DA:349,0
DA:351,0
DA:352,0
DA:356,0
DA:357,0
DA:359,0
DA:360,0
DA:362,0
DA:363,0
DA:365,0
DA:366,0
DA:372,1
DA:373,0
DA:374,0
DA:376,0
DA:377,0
DA:378,0
DA:379,0
DA:381,0
DA:382,0
DA:384,0
DA:385,0
DA:386,0
DA:387,0
DA:391,0
DA:393,0
DA:394,0
DA:400,0
DA:405,0
DA:412,0
DA:413,0
DA:416,0
DA:417,0
DA:423,1
DA:424,0
DA:425,0
DA:426,0
DA:427,0
DA:428,0
DA:430,0
DA:431,0
DA:434,0
DA:435,0
DA:436,0
DA:440,0
DA:441,0
DA:442,0
DA:449,0
DA:452,0
DA:454,0
DA:455,0
DA:462,1
DA:463,0
DA:464,0
DA:465,0
DA:467,0
DA:468,0
DA:472,1
DA:473,0
DA:475,0
DA:476,0
DA:481,0
DA:482,0
DA:484,0
DA:485,0
DA:487,0
DA:488,0
DA:491,0
DA:492,0
DA:498,1
DA:499,0
DA:500,0
DA:501,0
DA:502,0
DA:510,0
DA:512,0
DA:513,0
DA:518,1
DA:519,0
DA:520,0
DA:522,0
DA:523,0
DA:528,0
DA:529,0
DA:533,0
DA:534,0
DA:538,0
DA:547,0
DA:549,0
DA:550,0
DA:555,1
DA:556,0
DA:557,0
DA:558,0
DA:563,0
DA:564,0
DA:568,0
DA:569,0
DA:573,0
DA:579,0
DA:581,0
DA:582,0
DA:588,1
DA:589,0
DA:590,0
DA:591,0
DA:599,0
DA:607,0
DA:608,0
DA:613,1
LF:274
LH:75
BRDA:45,0,0,0
BRDA:45,0,1,0
BRDA:59,1,0,0
BRDA:59,1,1,0
BRDA:85,2,0,0
BRDA:85,2,1,2
BRDA:85,3,0,2
BRDA:85,3,1,2
BRDA:85,3,2,2
BRDA:91,4,0,0
BRDA:91,4,1,2
BRDA:130,5,0,0
BRDA:130,5,1,1
BRDA:136,6,0,0
BRDA:136,6,1,1
BRDA:155,7,0,0
BRDA:155,7,1,1
BRDA:165,8,0,1
BRDA:170,9,0,0
BRDA:170,9,1,1
BRDA:179,10,0,0
BRDA:179,10,1,1
BRDA:182,11,0,0
BRDA:182,11,1,1
BRDA:221,12,0,0
BRDA:221,12,1,0
BRDA:224,13,0,0
BRDA:224,13,1,0
BRDA:240,14,0,0
BRDA:240,14,1,0
BRDA:240,15,0,0
BRDA:240,15,1,0
BRDA:243,16,0,0
BRDA:243,16,1,0
BRDA:259,17,0,0
BRDA:259,17,1,0
BRDA:259,18,0,0
BRDA:259,18,1,0
BRDA:265,19,0,0
BRDA:265,19,1,0
BRDA:282,20,0,0
BRDA:282,20,1,0
BRDA:282,21,0,0
BRDA:282,21,1,0
BRDA:285,22,0,0
BRDA:285,22,1,0
BRDA:311,23,0,0
BRDA:311,23,1,0
BRDA:312,24,0,0
BRDA:312,24,1,0
BRDA:317,25,0,0
BRDA:317,25,1,0
BRDA:356,26,0,0
BRDA:356,26,1,0
BRDA:359,27,0,0
BRDA:359,27,1,0
BRDA:359,28,0,0
BRDA:359,28,1,0
BRDA:378,29,0,0
BRDA:378,29,1,0
BRDA:381,30,0,0
BRDA:381,30,1,0
BRDA:381,31,0,0
BRDA:381,31,1,0
BRDA:385,32,0,0
BRDA:385,32,1,0
BRDA:386,33,0,0
BRDA:386,33,1,0
BRDA:391,34,0,0
BRDA:391,34,1,0
BRDA:427,35,0,0
BRDA:427,35,1,0
BRDA:430,36,0,0
BRDA:430,36,1,0
BRDA:430,37,0,0
BRDA:430,37,1,0
BRDA:434,38,0,0
BRDA:434,38,1,0
BRDA:440,39,0,0
BRDA:440,39,1,0
BRDA:481,40,0,0
BRDA:481,40,1,0
BRDA:484,41,0,0
BRDA:484,41,1,0
BRDA:484,42,0,0
BRDA:484,42,1,0
BRDA:528,43,0,0
BRDA:528,43,1,0
BRDA:533,44,0,0
BRDA:533,44,1,0
BRDA:533,45,0,0
BRDA:533,45,1,0
BRDA:563,46,0,0
BRDA:563,46,1,0
BRDA:568,47,0,0
BRDA:568,47,1,0
BRDA:568,48,0,0
BRDA:568,48,1,0
BRF:98
BRH:12
end_of_record
TN:
SF:src\routes\jwt.js
FN:5,generateToken
FN:10,verifyToken
FNF:2
FNH:1
FNDA:1,generateToken
FNDA:0,verifyToken
DA:1,1
DA:3,1
DA:6,1
DA:11,0
DA:14,1
LF:5
LH:4
BRF:0
BRH:0
end_of_record
TN:
SF:src\routes\oauth.js
FN:13,(anonymous_0)
FN:33,(anonymous_1)
FN:37,(anonymous_2)
FNF:3
FNH:0
FNDA:0,(anonymous_0)
FNDA:0,(anonymous_1)
FNDA:0,(anonymous_2)
DA:1,1
DA:2,1
DA:3,1
DA:4,1
DA:5,1
DA:6,1
DA:8,1
DA:14,0
DA:15,0
DA:16,0
DA:17,0
DA:19,0
DA:27,0
DA:29,0
DA:33,1
DA:34,0
DA:37,1
DA:38,0
DA:39,0
DA:40,0
DA:41,0
DA:42,0
DA:44,0
DA:46,0
DA:50,1
LF:25
LH:10
BRDA:16,0,0,0
BRDA:16,0,1,0
BRDA:41,1,0,0
BRDA:41,1,1,0
BRF:4
BRH:0
end_of_record
TN:
SF:src\routes\prisma.js
FNF:0
FNH:0
DA:1,1
DA:3,1
DA:5,1
LF:3
LH:3
BRF:0
BRH:0
end_of_record
